<?xml version="1.0" encoding="UTF-8"?>
<!-- Generated by org.testng.reporters.JUnitReportReporter -->
<testsuite skipped="0" hostname="LAPTOP-PQ79RKAL" name="test2.Test2" tests="1" failures="0" timestamp="18 Jun 2019 17:29:57 GMT" time="0.018" errors="0">
  <testcase name="test2" time="0.018" classname="test2.Test2"/>
</testsuite> <!-- test2.Test2 -->
