<?xml version="1.0" encoding="UTF-8"?>
<!-- Generated by org.testng.reporters.JUnitReportReporter -->
<testsuite skipped="0" hostname="LAPTOP-PQ79RKAL" name="test3.Test3" tests="1" failures="0" timestamp="18 Jun 2019 17:29:57 GMT" time="0.018" errors="0">
  <testcase name="test3" time="0.018" classname="test3.Test3"/>
</testsuite> <!-- test3.Test3 -->
