<?xml version="1.0" encoding="UTF-8"?>
<!-- Generated by org.testng.reporters.JUnitReportReporter -->
<testsuite skipped="0" hostname="LAPTOP-PQ79RKAL" name="test1.Test1" tests="1" failures="0" timestamp="20 Jun 2019 16:17:56 GMT" time="0.008" errors="0">
  <testcase name="test1" time="0.008" classname="test1.Test1"/>
</testsuite> <!-- test1.Test1 -->
