<?xml version="1.0" encoding="UTF-8"?>
<!-- Generated by org.testng.reporters.JUnitReportReporter -->
<testsuite skipped="0" hostname="LAPTOP-PQ79RKAL" name="test2.Test2" tests="1" failures="0" timestamp="20 Jun 2019 16:17:56 GMT" time="0.007" errors="0">
  <testcase name="test2" time="0.007" classname="test2.Test2"/>
</testsuite> <!-- test2.Test2 -->
